[2026-03-29 00:00:01] ========== 开始备份任务 ==========
[2026-03-29 00:00:01] ========== 开始备份任务 ==========
[2026-03-29 00:00:01] 暂存变更...
[2026-03-29 00:00:01] 暂存变更...
[2026-03-29 00:00:01] 提交: 📝 [2026-03-29 00:00] 未跟踪 1 个文件
[2026-03-29 00:00:01] 提交: 📝 [2026-03-29 00:00] 未跟踪 1 个文件
[master 319ac2b] 📝 [2026-03-29 00:00] 未跟踪 1 个文件
 3 files changed, 72 insertions(+), 12 deletions(-)
 create mode 100644 scripts/cron/logs/backup-20260329.log
[master 319ac2b] 📝 [2026-03-29 00:00] 未跟踪 1 个文件
 3 files changed, 72 insertions(+), 12 deletions(-)
 create mode 100644 scripts/cron/logs/backup-20260329.log
[2026-03-29 00:00:01] 推送到远程仓库...
[2026-03-29 00:00:01] 推送到远程仓库...
To github.com:OpenOriginBot/OpenOrigin.git
   ba6d51e..319ac2b  master -> master
To github.com:OpenOriginBot/OpenOrigin.git
   ba6d51e..319ac2b  master -> master
[2026-03-29 00:00:04] ========== 备份完成 ==========
[2026-03-29 00:00:04] ========== 备份完成 ==========
[2026-03-29 06:00:01] ========== 开始备份任务 ==========
[2026-03-29 06:00:01] ========== 开始备份任务 ==========
[2026-03-29 06:00:01] 暂存变更...
[2026-03-29 06:00:01] 暂存变更...
[2026-03-29 06:00:01] 提交: 📝 [2026-03-29 06:00] 未跟踪 1 个文件
[2026-03-29 06:00:01] 提交: 📝 [2026-03-29 06:00] 未跟踪 1 个文件
[master 6f697fc] 📝 [2026-03-29 06:00] 未跟踪 1 个文件
 2 files changed, 24 insertions(+)
 create mode 100644 scripts/cron/logs/collect-ideas-20260329.log
[master 6f697fc] 📝 [2026-03-29 06:00] 未跟踪 1 个文件
 2 files changed, 24 insertions(+)
 create mode 100644 scripts/cron/logs/collect-ideas-20260329.log
[2026-03-29 06:00:01] 推送到远程仓库...
[2026-03-29 06:00:01] 推送到远程仓库...
To github.com:OpenOriginBot/OpenOrigin.git
   319ac2b..6f697fc  master -> master
To github.com:OpenOriginBot/OpenOrigin.git
   319ac2b..6f697fc  master -> master
[2026-03-29 06:00:04] ========== 备份完成 ==========
[2026-03-29 06:00:04] ========== 备份完成 ==========
[2026-03-29 12:00:01] ========== 开始备份任务 ==========
[2026-03-29 12:00:01] ========== 开始备份任务 ==========
[2026-03-29 12:00:01] 暂存变更...
[2026-03-29 12:00:01] 暂存变更...
[2026-03-29 12:00:01] 提交: 📝 [2026-03-29 12:00] 未跟踪 2 个文件
[2026-03-29 12:00:01] 提交: 📝 [2026-03-29 12:00] 未跟踪 2 个文件
[master 71de5fc] 📝 [2026-03-29 12:00] 未跟踪 2 个文件
 5 files changed, 195 insertions(+), 1 deletion(-)
 create mode 100644 briefings/2026-03-29.md
 create mode 100644 memory/2026-03-29.md
[master 71de5fc] 📝 [2026-03-29 12:00] 未跟踪 2 个文件
 5 files changed, 195 insertions(+), 1 deletion(-)
 create mode 100644 briefings/2026-03-29.md
 create mode 100644 memory/2026-03-29.md
[2026-03-29 12:00:01] 推送到远程仓库...
[2026-03-29 12:00:01] 推送到远程仓库...
To github.com:OpenOriginBot/OpenOrigin.git
   6f697fc..71de5fc  master -> master
To github.com:OpenOriginBot/OpenOrigin.git
   6f697fc..71de5fc  master -> master
[2026-03-29 12:00:04] ========== 备份完成 ==========
[2026-03-29 12:00:04] ========== 备份完成 ==========
[2026-03-29 18:00:01] ========== 开始备份任务 ==========
[2026-03-29 18:00:01] ========== 开始备份任务 ==========
[2026-03-29 18:00:01] 暂存变更...
[2026-03-29 18:00:01] 暂存变更...
