[2026-03-28 00:00:01] ========== 开始备份任务 ==========
[2026-03-28 00:00:01] ========== 开始备份任务 ==========
[2026-03-28 00:00:01] 暂存变更...
[2026-03-28 00:00:01] 暂存变更...
[2026-03-28 00:00:01] 提交: 📝 [2026-03-28 00:00] 未跟踪 1 个文件
[2026-03-28 00:00:01] 提交: 📝 [2026-03-28 00:00] 未跟踪 1 个文件
[master 589d2a9] 📝 [2026-03-28 00:00] 未跟踪 1 个文件
 4 files changed, 183 insertions(+), 26 deletions(-)
 create mode 100644 scripts/cron/logs/backup-20260328.log
[master 589d2a9] 📝 [2026-03-28 00:00] 未跟踪 1 个文件
 4 files changed, 183 insertions(+), 26 deletions(-)
 create mode 100644 scripts/cron/logs/backup-20260328.log
[2026-03-28 00:00:01] 推送到远程仓库...
[2026-03-28 00:00:01] 推送到远程仓库...
To github.com:OpenOriginBot/OpenOrigin.git
   44a342d..589d2a9  master -> master
To github.com:OpenOriginBot/OpenOrigin.git
   44a342d..589d2a9  master -> master
[2026-03-28 00:00:04] ========== 备份完成 ==========
[2026-03-28 00:00:04] ========== 备份完成 ==========
[2026-03-28 06:00:02] ========== 开始备份任务 ==========
[2026-03-28 06:00:02] ========== 开始备份任务 ==========
[2026-03-28 06:00:02] 暂存变更...
[2026-03-28 06:00:02] 暂存变更...
