[2026-03-27 06:58:07] ========== 开始备份任务 ==========
[2026-03-27 06:58:07] ========== 开始备份任务 ==========
[2026-03-27 06:58:07] 无变更，跳过提交
[2026-03-27 06:58:07] 无变更，跳过提交
[2026-03-27 06:58:13] ========== 开始备份任务 ==========
[2026-03-27 06:58:13] ========== 开始备份任务 ==========
[2026-03-27 06:58:13] 无变更，跳过提交
[2026-03-27 06:58:13] 无变更，跳过提交
+ log '========== 开始备份任务 =========='
+ tee -a /root/.openclaw/workspace/scripts/cron/backup/../logs/backup-20260327.log
++ date '+%Y-%m-%d %H:%M:%S'
+ echo '[2026-03-27 06:58:44] ========== 开始备份任务 =========='
[2026-03-27 06:58:44] ========== 开始备份任务 ==========
[2026-03-27 06:58:44] ========== 开始备份任务 ==========
+ [[ -z git@https://github.com/OpenOriginBot/OpenOrigin.git ]]
+ cd /root/.openclaw/workspace
+ git config --local user.email openclaw@auto.backup
+ git config --local user.name 'OpenClaw Auto Backup'
+ git status --porcelain
+ grep -q .
+ log 无变更，跳过提交
+ tee -a /root/.openclaw/workspace/scripts/cron/backup/../logs/backup-20260327.log
++ date '+%Y-%m-%d %H:%M:%S'
+ echo '[2026-03-27 06:58:44] 无变更，跳过提交'
[2026-03-27 06:58:44] 无变更，跳过提交
[2026-03-27 06:58:44] 无变更，跳过提交
+ exit 0
[2026-03-27 06:59:21] ========== 开始备份任务 ==========
[2026-03-27 06:59:21] ========== 开始备份任务 ==========
[2026-03-27 06:59:21] 无变更，跳过提交
[2026-03-27 06:59:21] 无变更，跳过提交
[2026-03-27 06:59:55] ========== 开始备份任务 ==========
[2026-03-27 06:59:55] ========== 开始备份任务 ==========
[2026-03-27 06:59:55] 暂存变更...
[2026-03-27 06:59:55] 暂存变更...
